[2025-03-15 16:44:11] app.INFO: Protect vendor folder in module ps_linklist [] []
[2025-03-15 16:44:11] app.INFO: Module ps_linklist has no vendor folder [] []
[2025-03-15 16:44:11] app.INFO: Protect vendor folder in module blockreassurance [] []
[2025-03-15 16:44:11] app.INFO: Module blockreassurance has no vendor folder [] []
[2025-03-15 16:44:11] app.INFO: Protect vendor folder in module blockwishlist [] []
[2025-03-15 16:44:11] app.INFO: Module blockwishlist has no vendor folder [] []
[2025-03-15 16:44:12] app.INFO: Protect vendor folder in module psgdpr [] []
[2025-03-15 16:44:12] app.INFO: Module psgdpr has no vendor folder [] []
[2025-03-15 16:44:12] app.INFO: Protect vendor folder in module ps_contactinfo [] []
[2025-03-15 16:44:12] app.INFO: Module ps_contactinfo has no vendor folder [] []
[2025-03-15 16:44:12] app.INFO: Protect vendor folder in module ps_languageselector [] []
[2025-03-15 16:44:12] app.INFO: Module ps_languageselector has no vendor folder [] []
[2025-03-15 16:44:12] app.INFO: Protect vendor folder in module ps_currencyselector [] []
[2025-03-15 16:44:12] app.INFO: Module ps_currencyselector has no vendor folder [] []
[2025-03-15 16:44:12] app.INFO: Protect vendor folder in module ps_customersignin [] []
[2025-03-15 16:44:12] app.INFO: Module ps_customersignin has no vendor folder [] []
[2025-03-15 16:44:12] app.INFO: Protect vendor folder in module ps_shoppingcart [] []
[2025-03-15 16:44:12] app.INFO: Module ps_shoppingcart has no vendor folder [] []
[2025-03-15 16:44:13] app.INFO: Protect vendor folder in module ps_mainmenu [] []
[2025-03-15 16:44:13] app.INFO: Module ps_mainmenu has no vendor folder [] []
[2025-03-15 16:44:13] app.INFO: Protect vendor folder in module ps_searchbar [] []
[2025-03-15 16:44:13] app.INFO: Module ps_searchbar has no vendor folder [] []
[2025-03-15 16:44:13] app.INFO: Protect vendor folder in module ps_imageslider [] []
[2025-03-15 16:44:13] app.INFO: Module ps_imageslider has no vendor folder [] []
[2025-03-15 16:44:14] app.INFO: Protect vendor folder in module ps_featuredproducts [] []
[2025-03-15 16:44:14] app.INFO: Module ps_featuredproducts has no vendor folder [] []
[2025-03-15 16:44:14] app.INFO: Protect vendor folder in module ps_banner [] []
[2025-03-15 16:44:14] app.INFO: Module ps_banner has no vendor folder [] []
[2025-03-15 16:44:14] app.INFO: Protect vendor folder in module ps_customtext [] []
[2025-03-15 16:44:14] app.INFO: Module ps_customtext has no vendor folder [] []
[2025-03-15 16:44:14] app.INFO: Protect vendor folder in module ps_specials [] []
[2025-03-15 16:44:14] app.INFO: Module ps_specials has no vendor folder [] []
[2025-03-15 16:44:14] app.INFO: Protect vendor folder in module ps_newproducts [] []
[2025-03-15 16:44:14] app.INFO: Module ps_newproducts has no vendor folder [] []
[2025-03-15 16:44:14] app.INFO: Protect vendor folder in module ps_bestsellers [] []
[2025-03-15 16:44:14] app.INFO: Module ps_bestsellers has no vendor folder [] []
[2025-03-15 16:44:15] app.INFO: Protect vendor folder in module ps_emailsubscription [] []
[2025-03-15 16:44:15] app.INFO: Module ps_emailsubscription has no vendor folder [] []
[2025-03-15 16:44:15] app.INFO: Protect vendor folder in module ps_socialfollow [] []
[2025-03-15 16:44:15] app.INFO: Module ps_socialfollow has no vendor folder [] []
[2025-03-15 16:44:15] app.INFO: Protect vendor folder in module ps_customeraccountlinks [] []
[2025-03-15 16:44:15] app.INFO: Module ps_customeraccountlinks has no vendor folder [] []
[2025-03-15 16:44:15] app.INFO: Protect vendor folder in module productcomments [] []
[2025-03-15 16:44:15] app.INFO: Module productcomments has no vendor folder [] []
[2025-03-15 16:44:16] app.INFO: Protect vendor folder in module ps_categorytree [] []
[2025-03-15 16:44:16] app.INFO: Module ps_categorytree has no vendor folder [] []
[2025-03-15 16:44:17] app.INFO: Protect vendor folder in module ps_facetedsearch [] []
[2025-03-15 16:44:17] app.INFO: Module ps_facetedsearch has no vendor folder [] []
[2025-03-15 16:44:17] app.INFO: Protect vendor folder in module contactform [] []
[2025-03-15 16:44:17] app.INFO: Module contactform has no vendor folder [] []
[2025-03-15 16:44:17] app.INFO: Protect vendor folder in module ps_sharebuttons [] []
[2025-03-15 16:44:17] app.INFO: Module ps_sharebuttons has no vendor folder [] []
[2025-03-15 16:44:23] console.CRITICAL: Error thrown while running command "cache:clear --no-warmup=1 --env=dev". Message: "Failed to remove directory "/app/var/cache/pro~": rmdir(/app/var/cache/pro~): Directory not empty" {"exception":"[object] (Symfony\\Component\\Filesystem\\Exception\\IOException(code: 0): Failed to remove directory \"/app/var/cache/pro~\": rmdir(/app/var/cache/pro~): Directory not empty at /app/vendor/symfony/symfony/src/Symfony/Component/Filesystem/Filesystem.php:181)","command":"cache:clear --no-warmup=1 --env=dev","message":"Failed to remove directory \"/app/var/cache/pro~\": rmdir(/app/var/cache/pro~): Directory not empty"} []
[2025-03-15 16:44:23] console.DEBUG: Command "cache:clear --no-warmup=1 --env=dev" exited with code "1" {"command":"cache:clear --no-warmup=1 --env=dev","code":1} []
[2025-03-15 16:44:43] app.INFO: Protect vendor folder in module ps_facetedsearch [] []
[2025-03-15 16:44:43] app.INFO: Module ps_facetedsearch has no vendor folder [] []
[2025-03-15 16:44:43] console.CRITICAL: Error thrown while running command "cache:clear --no-warmup=1 --env=dev". Message: "Failed to remove directory "/app/var/cache/pro~": rmdir(/app/var/cache/pro~): Directory not empty" {"exception":"[object] (Symfony\\Component\\Filesystem\\Exception\\IOException(code: 0): Failed to remove directory \"/app/var/cache/pro~\": rmdir(/app/var/cache/pro~): Directory not empty at /app/vendor/symfony/symfony/src/Symfony/Component/Filesystem/Filesystem.php:181)","command":"cache:clear --no-warmup=1 --env=dev","message":"Failed to remove directory \"/app/var/cache/pro~\": rmdir(/app/var/cache/pro~): Directory not empty"} []
[2025-03-15 16:44:43] console.DEBUG: Command "cache:clear --no-warmup=1 --env=dev" exited with code "1" {"command":"cache:clear --no-warmup=1 --env=dev","code":1} []
